c:\users\sakamoto\source\repos\kamataengine20230413 - コピー - コピー\generated\obj\directxgame\debug\mymath.obj
c:\users\sakamoto\source\repos\kamataengine20230413 - コピー - コピー\generated\obj\directxgame\debug\skydome.obj
c:\users\sakamoto\source\repos\kamataengine20230413 - コピー - コピー\generated\obj\directxgame\debug\ground.obj
c:\users\sakamoto\source\repos\kamataengine20230413 - コピー - コピー\generated\obj\directxgame\debug\basecharactor.obj
c:\users\sakamoto\source\repos\kamataengine20230413 - コピー - コピー\generated\obj\directxgame\debug\followcamera.obj
c:\users\sakamoto\source\repos\kamataengine20230413 - コピー - コピー\generated\obj\directxgame\debug\winapp.obj
c:\users\sakamoto\source\repos\kamataengine20230413 - コピー - コピー\generated\obj\directxgame\debug\worldtransformex.obj
c:\users\sakamoto\source\repos\kamataengine20230413 - コピー - コピー\generated\obj\directxgame\debug\directxcommon.obj
c:\users\sakamoto\source\repos\kamataengine20230413 - コピー - コピー\generated\obj\directxgame\debug\enemy.obj
c:\users\sakamoto\source\repos\kamataengine20230413 - コピー - コピー\generated\obj\directxgame\debug\imguimanager.obj
c:\users\sakamoto\source\repos\kamataengine20230413 - コピー - コピー\generated\obj\directxgame\debug\player.obj
c:\users\sakamoto\source\repos\kamataengine20230413 - コピー - コピー\generated\obj\directxgame\debug\main.obj
c:\users\sakamoto\source\repos\kamataengine20230413 - コピー - コピー\generated\obj\directxgame\debug\gamescene.obj
c:\users\sakamoto\source\repos\kamataengine20230413 - コピー - コピー\generated\obj\directxgame\debug\globalvariables.obj
c:\users\sakamoto\source\repos\kamataengine20230413 - コピー - コピー\generated\obj\directxgame\debug\vc143.pdb
c:\users\sakamoto\source\repos\kamataengine20230413 - コピー - コピー\generated\obj\directxgame\debug\vc143.idb
c:\users\sakamoto\downloads\kamataengine20230413\generated\outputs\debug\terrainps.cso
c:\users\sakamoto\downloads\kamataengine20230413\generated\outputs\debug\terrainvs.cso
c:\users\sakamoto\downloads\kamataengine20230413\generated\outputs\debug\objps.cso
c:\users\sakamoto\downloads\kamataengine20230413\generated\outputs\debug\objvs.cso
c:\users\sakamoto\downloads\kamataengine20230413\generated\outputs\debug\primitiveps.cso
c:\users\sakamoto\downloads\kamataengine20230413\generated\outputs\debug\primitivevs.cso
c:\users\sakamoto\downloads\kamataengine20230413\generated\outputs\debug\shapeps.cso
c:\users\sakamoto\downloads\kamataengine20230413\generated\outputs\debug\shapevs.cso
c:\users\sakamoto\downloads\kamataengine20230413\generated\outputs\debug\spriteps.cso
c:\users\sakamoto\downloads\kamataengine20230413\generated\outputs\debug\spritevs.cso
c:\users\sakamoto\source\repos\kamataengine20230413 - コピー - コピー\generated\outputs\debug\terrainps.cso
c:\users\sakamoto\source\repos\kamataengine20230413 - コピー - コピー\generated\outputs\debug\terrainvs.cso
c:\users\sakamoto\source\repos\kamataengine20230413 - コピー - コピー\generated\outputs\debug\objps.cso
c:\users\sakamoto\source\repos\kamataengine20230413 - コピー - コピー\generated\outputs\debug\objvs.cso
c:\users\sakamoto\source\repos\kamataengine20230413 - コピー - コピー\generated\outputs\debug\primitiveps.cso
c:\users\sakamoto\source\repos\kamataengine20230413 - コピー - コピー\generated\outputs\debug\primitivevs.cso
c:\users\sakamoto\source\repos\kamataengine20230413 - コピー - コピー\generated\outputs\debug\shapeps.cso
c:\users\sakamoto\source\repos\kamataengine20230413 - コピー - コピー\generated\outputs\debug\shapevs.cso
c:\users\sakamoto\source\repos\kamataengine20230413 - コピー - コピー\generated\outputs\debug\spriteps.cso
c:\users\sakamoto\source\repos\kamataengine20230413 - コピー - コピー\generated\outputs\debug\spritevs.cso
c:\users\sakamoto\source\repos\kamataengine20230413 - コピー - コピー\generated\outputs\debug\directxgame.exe
c:\users\sakamoto\source\repos\kamataengine20230413 - コピー - コピー\generated\obj\directxgame\debug\directxgame.ilk
c:\users\sakamoto\source\repos\kamataengine20230413 - コピー - コピー\generated\outputs\debug\directxgame.pdb
c:\users\sakamoto\source\repos\kamataengine20230413 - コピー - コピー\generated\obj\directxgame\debug\button.obj
c:\users\sakamoto\source\repos\kamataengine20230413 - コピー - コピー\generated\obj\directxgame\debug\enemu.obj
c:\users\sakamoto\source\repos\kamataengine20230413 - コピー - コピー\generated\obj\directxgame\debug\enemybullet.obj
c:\users\sakamoto\source\repos\kamataengine20230413 - コピー - コピー\generated\obj\directxgame\debug\gameclearoverscene.obj
c:\users\sakamoto\source\repos\kamataengine20230413 - コピー - コピー\generated\obj\directxgame\debug\gamepad.obj
c:\users\sakamoto\source\repos\kamataengine20230413 - コピー - コピー\generated\obj\directxgame\debug\novice.obj
c:\users\sakamoto\source\repos\kamataengine20230413 - コピー - コピー\generated\obj\directxgame\debug\playerbullet.obj
c:\users\sakamoto\source\repos\kamataengine20230413 - コピー - コピー\generated\obj\directxgame\debug\railcamera.obj
c:\users\sakamoto\source\repos\kamataengine20230413 - コピー - コピー\generated\obj\directxgame\debug\timedcall.obj
c:\users\sakamoto\source\repos\kamataengine20230413 - コピー - コピー\generated\obj\directxgame\debug\titlescene.obj
c:\users\sakamoto\source\repos\kamataengine20230413 - コピー - コピー\generated\obj\directxgame\debug\transitioneffect.obj
c:\users\sakamoto\source\repos\kamataengine20230413 - コピー - コピー\generated\obj\directxgame\debug\gamescene.obj.enc
c:\users\sakamoto\source\repos\kamataengine20230413 - コピー - コピー\generated\obj\directxgame\debug\player.obj.enc
c:\users\sakamoto\source\repos\kamataengine20230413 - コピー - コピー\generated\obj\directxgame\debug\railcamera.obj.enc
c:\users\sakamoto\source\repos\kamataengine20230413 - コピー - コピー\directxgame\..\generated\outputs\debug\directxgame.pdb
c:\users\sakamoto\source\repos\kamataengine20230413 - コピー - コピー\directxgame\..\generated\obj\directxgame\debug\directxgame.vcxproj.filelistabsolute.txt
c:\users\sakamoto\source\repos\kamataengine20230413 - コピー - コピー\generated\obj\directxgame\debug\directxgame.tlog\cl.command.1.tlog
c:\users\sakamoto\source\repos\kamataengine20230413 - コピー - コピー\generated\obj\directxgame\debug\directxgame.tlog\cl.items.tlog
c:\users\sakamoto\source\repos\kamataengine20230413 - コピー - コピー\generated\obj\directxgame\debug\directxgame.tlog\cl.read.1.tlog
c:\users\sakamoto\source\repos\kamataengine20230413 - コピー - コピー\generated\obj\directxgame\debug\directxgame.tlog\cl.write.1.tlog
c:\users\sakamoto\source\repos\kamataengine20230413 - コピー - コピー\generated\obj\directxgame\debug\directxgame.tlog\fxc.command.1.tlog
c:\users\sakamoto\source\repos\kamataengine20230413 - コピー - コピー\generated\obj\directxgame\debug\directxgame.tlog\fxc.read.1.tlog
c:\users\sakamoto\source\repos\kamataengine20230413 - コピー - コピー\generated\obj\directxgame\debug\directxgame.tlog\fxc.write.1.tlog
c:\users\sakamoto\source\repos\kamataengine20230413 - コピー - コピー\generated\obj\directxgame\debug\directxgame.tlog\link.command.1.tlog
c:\users\sakamoto\source\repos\kamataengine20230413 - コピー - コピー\generated\obj\directxgame\debug\directxgame.tlog\link.read.1.tlog
c:\users\sakamoto\source\repos\kamataengine20230413 - コピー - コピー\generated\obj\directxgame\debug\directxgame.tlog\link.write.1.tlog
